mode: atomic
github.com/zcstarr/roasted/sr700/packet.go:22.33,36.2 13 0
github.com/zcstarr/roasted/sr700/packet.go:38.32,50.2 9 6
github.com/zcstarr/roasted/sr700/packet.go:52.46,53.20 1 2
github.com/zcstarr/roasted/sr700/packet.go:53.20,55.3 1 0
github.com/zcstarr/roasted/sr700/packet.go:57.2,69.15 10 2
github.com/zcstarr/roasted/sr700/packet.go:72.44,74.26 2 1
github.com/zcstarr/roasted/sr700/packet.go:74.26,76.3 1 4
github.com/zcstarr/roasted/sr700/packet.go:77.2,77.29 1 1
github.com/zcstarr/roasted/sr700/sr700.go:18.44,25.2 1 0
github.com/zcstarr/roasted/sr700/sr700.go:27.40,29.2 1 0
github.com/zcstarr/roasted/sr700/sr700.go:31.43,32.13 1 0
github.com/zcstarr/roasted/sr700/sr700.go:32.13,34.3 1 0
github.com/zcstarr/roasted/sr700/sr700.go:38.2,39.16 2 0
github.com/zcstarr/roasted/sr700/sr700.go:39.16,41.3 1 0
github.com/zcstarr/roasted/sr700/sr700.go:42.2,42.23 1 0
github.com/zcstarr/roasted/sr700/sr700.go:42.23,44.3 1 0
github.com/zcstarr/roasted/sr700/sr700.go:45.2,45.12 1 0
github.com/zcstarr/roasted/sr700/sr700.go:48.42,50.16 2 0
github.com/zcstarr/roasted/sr700/sr700.go:50.16,52.3 1 0
github.com/zcstarr/roasted/sr700/sr700.go:54.2,54.13 1 0
github.com/zcstarr/roasted/sr700/sr700.go:54.13,56.3 1 0
github.com/zcstarr/roasted/sr700/sr700.go:58.2,58.27 1 0
github.com/zcstarr/roasted/sr700/sr700.go:61.47,72.16 2 0
github.com/zcstarr/roasted/sr700/sr700.go:72.16,74.3 1 0
github.com/zcstarr/roasted/sr700/sr700.go:77.2,78.16 2 0
github.com/zcstarr/roasted/sr700/sr700.go:78.16,80.3 1 0
github.com/zcstarr/roasted/sr700/sr700.go:83.2,87.6 3 0
github.com/zcstarr/roasted/sr700/sr700.go:87.6,89.17 2 0
github.com/zcstarr/roasted/sr700/sr700.go:89.17,91.4 1 0
github.com/zcstarr/roasted/sr700/sr700.go:93.3,99.39 2 0
github.com/zcstarr/roasted/sr700/sr700.go:99.39,100.9 1 0
github.com/zcstarr/roasted/sr700/sr700.go:104.2,104.18 1 0
github.com/zcstarr/roasted/sr700/sr700.go:107.92,120.16 3 0
github.com/zcstarr/roasted/sr700/sr700.go:120.16,122.3 1 0
github.com/zcstarr/roasted/sr700/sr700.go:124.2,125.16 2 0
github.com/zcstarr/roasted/sr700/sr700.go:125.16,127.3 1 0
github.com/zcstarr/roasted/sr700/sr700.go:129.2,129.62 1 0
github.com/zcstarr/roasted/sr700/sr700.go:129.62,131.3 1 0
github.com/zcstarr/roasted/sr700/sr700.go:133.2,133.29 1 0
github.com/zcstarr/roasted/sr700/sr700.go:136.80,149.16 3 0
github.com/zcstarr/roasted/sr700/sr700.go:149.16,151.3 1 0
github.com/zcstarr/roasted/sr700/sr700.go:153.2,154.16 2 0
github.com/zcstarr/roasted/sr700/sr700.go:154.16,156.3 1 0
github.com/zcstarr/roasted/sr700/sr700.go:158.2,158.42 1 0
github.com/zcstarr/roasted/sr700/sr700.go:158.42,160.3 1 0
github.com/zcstarr/roasted/sr700/sr700.go:162.2,162.29 1 0
github.com/zcstarr/roasted/sr700/sr700.go:165.47,176.16 2 0
github.com/zcstarr/roasted/sr700/sr700.go:176.16,178.3 1 0
github.com/zcstarr/roasted/sr700/sr700.go:180.2,181.16 2 0
github.com/zcstarr/roasted/sr700/sr700.go:181.16,183.3 1 0
github.com/zcstarr/roasted/sr700/sr700.go:185.2,185.29 1 0
github.com/zcstarr/roasted/sr700/types.go:9.29,11.2 1 0
github.com/zcstarr/roasted/sr700/types.go:21.38,23.2 1 2
github.com/zcstarr/roasted/sr700/types.go:25.57,27.2 1 2
github.com/zcstarr/roasted/sr700/types.go:33.35,35.2 1 2
github.com/zcstarr/roasted/sr700/types.go:80.31,82.8 2 0
github.com/zcstarr/roasted/sr700/types.go:82.8,84.3 1 0
github.com/zcstarr/roasted/sr700/types.go:85.2,85.18 1 0
github.com/zcstarr/roasted/cmd/roasted/main.go:12.13,19.22 3 0
github.com/zcstarr/roasted/cmd/roasted/main.go:19.22,21.3 1 0
github.com/zcstarr/roasted/cmd/roasted/main.go:23.2,24.16 2 0
github.com/zcstarr/roasted/cmd/roasted/main.go:24.16,26.3 1 0
github.com/zcstarr/roasted/cmd/roasted/main.go:29.2,38.16 3 0
github.com/zcstarr/roasted/cmd/roasted/main.go:38.16,40.3 1 0
github.com/zcstarr/roasted/cmd/roasted/main.go:41.2,41.15 1 0
github.com/zcstarr/roasted/cmd/roasted/main.go:41.15,41.35 1 0
github.com/zcstarr/roasted/cmd/roasted/main.go:43.2,47.16 4 0
github.com/zcstarr/roasted/cmd/roasted/main.go:47.16,49.3 1 0
github.com/zcstarr/roasted/cmd/roasted/main.go:51.2,53.28 2 0
github.com/zcstarr/roasted/cmd/roasted/main.go:54.25,55.40 1 0
github.com/zcstarr/roasted/cmd/roasted/main.go:56.28,57.43 1 0
github.com/zcstarr/roasted/cmd/roasted/main.go:58.10,59.54 1 0
github.com/zcstarr/roasted/cmd/roasted/main.go:61.2,61.16 1 0
github.com/zcstarr/roasted/cmd/roasted/main.go:61.16,63.3 1 0
github.com/zcstarr/roasted/tools/schemagen/main.go:33.13,38.40 4 0
github.com/zcstarr/roasted/tools/schemagen/main.go:38.40,40.3 1 0
github.com/zcstarr/roasted/tools/schemagen/main.go:43.39,44.51 1 0
github.com/zcstarr/roasted/tools/schemagen/main.go:44.51,46.3 1 0
github.com/zcstarr/roasted/tools/schemagen/main.go:48.2,49.56 2 0
github.com/zcstarr/roasted/tools/schemagen/main.go:49.56,51.3 1 0
github.com/zcstarr/roasted/tools/schemagen/main.go:53.2,58.28 2 0
github.com/zcstarr/roasted/tools/schemagen/main.go:58.28,64.51 5 0
github.com/zcstarr/roasted/tools/schemagen/main.go:64.51,66.4 1 0
github.com/zcstarr/roasted/tools/schemagen/main.go:67.3,67.31 1 0
github.com/zcstarr/roasted/tools/schemagen/main.go:70.2,70.12 1 0
github.com/zcstarr/roasted/tools/schemagen/main.go:73.64,75.16 2 0
github.com/zcstarr/roasted/tools/schemagen/main.go:75.16,77.3 1 0
github.com/zcstarr/roasted/tools/schemagen/main.go:78.2,79.39 2 0
github.com/zcstarr/roasted/pkg/recipe.go:24.33,25.11 1 0
github.com/zcstarr/roasted/pkg/recipe.go:26.23,27.21 1 0
github.com/zcstarr/roasted/pkg/recipe.go:28.10,29.18 1 0
github.com/zcstarr/roasted/pkg/recipe.go:109.37,109.60 1 1
github.com/zcstarr/roasted/pkg/recipe.go:112.40,112.66 1 1
github.com/zcstarr/roasted/pkg/recipe.go:115.48,116.23 1 5
github.com/zcstarr/roasted/pkg/recipe.go:116.23,118.3 1 3
github.com/zcstarr/roasted/pkg/recipe.go:119.2,119.21 1 2
github.com/zcstarr/roasted/pkg/recipe.go:123.59,125.16 2 0
github.com/zcstarr/roasted/pkg/recipe.go:125.16,127.3 1 0
github.com/zcstarr/roasted/pkg/recipe.go:128.2,129.54 2 0
github.com/zcstarr/roasted/pkg/recipe.go:129.54,131.3 1 0
github.com/zcstarr/roasted/pkg/recipe.go:132.2,132.21 1 0
github.com/zcstarr/roasted/pkg/recipe.go:136.65,138.16 2 1
github.com/zcstarr/roasted/pkg/recipe.go:138.16,140.3 1 0
github.com/zcstarr/roasted/pkg/recipe.go:141.2,142.54 2 1
github.com/zcstarr/roasted/pkg/recipe.go:142.54,144.3 1 0
github.com/zcstarr/roasted/pkg/recipe.go:145.2,145.21 1 1
github.com/zcstarr/roasted/pkg/recipe.go:149.46,151.16 2 3
github.com/zcstarr/roasted/pkg/recipe.go:151.16,153.3 1 0
github.com/zcstarr/roasted/pkg/recipe.go:154.2,155.16 2 3
github.com/zcstarr/roasted/pkg/recipe.go:155.16,157.3 1 1
github.com/zcstarr/roasted/pkg/recipe.go:158.2,158.16 1 2
github.com/zcstarr/roasted/pkg/recipe.go:159.23,161.55 2 1
github.com/zcstarr/roasted/pkg/recipe.go:161.55,163.4 1 0
github.com/zcstarr/roasted/pkg/recipe.go:164.3,164.29 1 1
github.com/zcstarr/roasted/pkg/recipe.go:164.29,166.4 1 0
github.com/zcstarr/roasted/pkg/recipe.go:167.3,167.22 1 1
github.com/zcstarr/roasted/pkg/recipe.go:168.10,170.55 2 1
github.com/zcstarr/roasted/pkg/recipe.go:170.55,172.4 1 0
github.com/zcstarr/roasted/pkg/recipe.go:173.3,173.29 1 1
github.com/zcstarr/roasted/pkg/recipe.go:173.29,175.4 1 0
github.com/zcstarr/roasted/pkg/recipe.go:176.3,176.22 1 1
github.com/zcstarr/roasted/pkg/recipe.go:180.61,181.80 1 4
github.com/zcstarr/roasted/pkg/recipe.go:181.80,183.3 1 2
github.com/zcstarr/roasted/pkg/recipe.go:185.2,188.52 2 2
github.com/zcstarr/roasted/pkg/recipe.go:188.52,190.3 1 0
github.com/zcstarr/roasted/pkg/recipe.go:191.2,191.26 1 2
github.com/zcstarr/roasted/pkg/recipe.go:191.26,193.3 1 1
github.com/zcstarr/roasted/pkg/recipe.go:195.2,199.66 2 1
github.com/zcstarr/roasted/pkg/recipe.go:199.66,201.3 1 0
github.com/zcstarr/roasted/pkg/recipe.go:202.2,202.33 1 1
github.com/zcstarr/roasted/pkg/recipe.go:202.33,204.3 1 0
github.com/zcstarr/roasted/pkg/recipe.go:205.2,205.29 1 1
github.com/zcstarr/roasted/pkg/recipe.go:205.29,207.3 1 1
github.com/zcstarr/roasted/pkg/recipe.go:208.2,208.26 1 0
github.com/zcstarr/roasted/pkg/runner.go:30.67,31.36 1 1
github.com/zcstarr/roasted/pkg/runner.go:31.36,35.28 3 2
github.com/zcstarr/roasted/pkg/runner.go:35.28,42.4 5 2
github.com/zcstarr/roasted/pkg/runner.go:44.2,45.12 2 1
github.com/zcstarr/roasted/pkg/runner.go:48.87,49.18 1 2
github.com/zcstarr/roasted/pkg/runner.go:49.18,51.3 1 1
github.com/zcstarr/roasted/pkg/runner.go:52.2,52.67 1 1
github.com/zcstarr/roasted/pkg/runner.go:56.73,57.28 1 2
github.com/zcstarr/roasted/pkg/runner.go:57.28,59.3 1 1
github.com/zcstarr/roasted/pkg/runner.go:60.2,60.26 1 2
github.com/zcstarr/roasted/pkg/runner.go:60.26,62.3 1 0
github.com/zcstarr/roasted/pkg/runner.go:64.2,66.36 2 2
github.com/zcstarr/roasted/pkg/runner.go:66.36,81.37 7 3
github.com/zcstarr/roasted/pkg/runner.go:81.37,83.43 2 2561
github.com/zcstarr/roasted/pkg/runner.go:83.43,85.5 1 0
github.com/zcstarr/roasted/pkg/runner.go:87.4,91.20 2 2561
github.com/zcstarr/roasted/pkg/runner.go:91.20,93.5 1 855
github.com/zcstarr/roasted/pkg/runner.go:93.10,95.22 2 1706
github.com/zcstarr/roasted/pkg/runner.go:95.22,97.6 1 1704
github.com/zcstarr/roasted/pkg/runner.go:98.5,99.15 2 1706
github.com/zcstarr/roasted/pkg/runner.go:99.15,101.6 1 8
github.com/zcstarr/roasted/pkg/runner.go:102.5,102.65 1 1706
github.com/zcstarr/roasted/pkg/runner.go:104.4,104.20 1 2561
github.com/zcstarr/roasted/pkg/runner.go:104.20,107.5 2 2561
github.com/zcstarr/roasted/pkg/runner.go:108.4,111.62 3 2561
github.com/zcstarr/roasted/pkg/runner.go:111.62,113.5 1 3
github.com/zcstarr/roasted/pkg/runner.go:114.4,114.17 1 2561
github.com/zcstarr/roasted/pkg/runner.go:114.17,116.5 1 2561
github.com/zcstarr/roasted/pkg/runner.go:120.2,121.12 2 2
github.com/zcstarr/roasted/pkg/runner.go:124.37,126.2 1 2561
github.com/zcstarr/roasted/pkg/runner.go:128.71,129.16 1 2563
github.com/zcstarr/roasted/pkg/runner.go:129.16,132.3 2 0
github.com/zcstarr/roasted/pkg/runner.go:133.2,133.40 1 2563
github.com/zcstarr/roasted/pkg/runner.go:133.40,136.3 2 0
github.com/zcstarr/roasted/pkg/runner.go:137.2,137.54 1 2563
github.com/zcstarr/roasted/pkg/runner.go:140.24,141.11 1 2
github.com/zcstarr/roasted/pkg/runner.go:141.11,143.3 1 2
github.com/zcstarr/roasted/pkg/runner.go:144.2,144.10 1 0
github.com/zcstarr/roasted/pkg/thermostat.go:25.53,33.12 2 6
github.com/zcstarr/roasted/pkg/thermostat.go:33.12,36.3 2 6
github.com/zcstarr/roasted/pkg/thermostat.go:37.2,37.10 1 6
github.com/zcstarr/roasted/pkg/thermostat.go:41.59,49.36 6 217
github.com/zcstarr/roasted/pkg/thermostat.go:49.36,51.3 1 0
github.com/zcstarr/roasted/pkg/thermostat.go:51.8,51.43 1 217
github.com/zcstarr/roasted/pkg/thermostat.go:51.43,53.3 1 97
github.com/zcstarr/roasted/pkg/thermostat.go:54.2,57.26 3 217
github.com/zcstarr/roasted/pkg/thermostat.go:57.26,59.3 1 0
github.com/zcstarr/roasted/pkg/thermostat.go:60.2,60.26 1 217
github.com/zcstarr/roasted/pkg/thermostat.go:60.26,62.3 1 106
github.com/zcstarr/roasted/pkg/thermostat.go:63.2,63.15 1 217
github.com/zcstarr/roasted/pkg/thermostat.go:67.23,70.2 2 4
github.com/zcstarr/roasted/pkg/thermostat.go:82.54,87.31 2 5
github.com/zcstarr/roasted/pkg/thermostat.go:87.31,89.3 1 45
github.com/zcstarr/roasted/pkg/thermostat.go:91.2,91.18 1 5
github.com/zcstarr/roasted/pkg/thermostat.go:92.9,97.52 5 0
github.com/zcstarr/roasted/pkg/thermostat.go:98.9,107.76 9 5
github.com/zcstarr/roasted/pkg/thermostat.go:108.10,109.34 1 0
github.com/zcstarr/roasted/pkg/thermostat.go:109.34,110.34 1 0
github.com/zcstarr/roasted/pkg/thermostat.go:110.34,112.5 1 0
github.com/zcstarr/roasted/pkg/thermostat.go:115.2,115.10 1 5
github.com/zcstarr/roasted/pkg/thermostat.go:119.54,121.15 2 218
github.com/zcstarr/roasted/pkg/thermostat.go:121.15,123.3 1 0
github.com/zcstarr/roasted/pkg/thermostat.go:123.8,123.34 1 218
github.com/zcstarr/roasted/pkg/thermostat.go:123.34,125.3 1 0
github.com/zcstarr/roasted/pkg/thermostat.go:126.2,126.21 1 218
github.com/zcstarr/roasted/pkg/thermostat.go:130.49,132.2 1 1714
github.com/zcstarr/roasted/pkg/thermostat.go:135.56,136.37 1 1730
github.com/zcstarr/roasted/pkg/thermostat.go:136.37,139.3 2 214
github.com/zcstarr/roasted/pkg/thermostat.go:140.2,142.12 3 1730
github.com/zcstarr/roasted/pkg/thermostat.go:152.34,157.2 1 4
github.com/zcstarr/roasted/pkg/thermostat.go:160.30,163.2 2 4
github.com/zcstarr/roasted/pkg/thermostat.go:166.81,167.45 1 1714
github.com/zcstarr/roasted/pkg/thermostat.go:167.45,170.3 2 213
github.com/zcstarr/roasted/pkg/thermostat.go:171.2,171.42 1 1714
