mode: atomic
github.com/zcstarr/roasted/sr700/packet.go:22.33,36.2 13 0
github.com/zcstarr/roasted/sr700/packet.go:38.32,50.2 9 6
github.com/zcstarr/roasted/sr700/packet.go:52.46,53.20 1 2
github.com/zcstarr/roasted/sr700/packet.go:53.20,55.3 1 0
github.com/zcstarr/roasted/sr700/packet.go:57.2,69.15 10 2
github.com/zcstarr/roasted/sr700/packet.go:72.44,74.26 2 1
github.com/zcstarr/roasted/sr700/packet.go:74.26,76.3 1 4
github.com/zcstarr/roasted/sr700/packet.go:77.2,77.29 1 1
github.com/zcstarr/roasted/sr700/sr700.go:18.44,25.2 1 0
github.com/zcstarr/roasted/sr700/sr700.go:27.40,29.2 1 0
github.com/zcstarr/roasted/sr700/sr700.go:31.43,32.13 1 0
github.com/zcstarr/roasted/sr700/sr700.go:32.13,34.3 1 0
github.com/zcstarr/roasted/sr700/sr700.go:38.2,39.16 2 0
github.com/zcstarr/roasted/sr700/sr700.go:39.16,41.3 1 0
github.com/zcstarr/roasted/sr700/sr700.go:42.2,42.23 1 0
github.com/zcstarr/roasted/sr700/sr700.go:42.23,44.3 1 0
github.com/zcstarr/roasted/sr700/sr700.go:45.2,45.12 1 0
github.com/zcstarr/roasted/sr700/sr700.go:48.42,50.16 2 0
github.com/zcstarr/roasted/sr700/sr700.go:50.16,52.3 1 0
github.com/zcstarr/roasted/sr700/sr700.go:54.2,54.13 1 0
github.com/zcstarr/roasted/sr700/sr700.go:54.13,56.3 1 0
github.com/zcstarr/roasted/sr700/sr700.go:58.2,58.27 1 0
github.com/zcstarr/roasted/sr700/sr700.go:61.47,72.16 2 0
github.com/zcstarr/roasted/sr700/sr700.go:72.16,74.3 1 0
github.com/zcstarr/roasted/sr700/sr700.go:77.2,78.16 2 0
github.com/zcstarr/roasted/sr700/sr700.go:78.16,80.3 1 0
github.com/zcstarr/roasted/sr700/sr700.go:83.2,87.6 3 0
github.com/zcstarr/roasted/sr700/sr700.go:87.6,89.17 2 0
github.com/zcstarr/roasted/sr700/sr700.go:89.17,91.4 1 0
github.com/zcstarr/roasted/sr700/sr700.go:93.3,99.39 2 0
github.com/zcstarr/roasted/sr700/sr700.go:99.39,100.9 1 0
github.com/zcstarr/roasted/sr700/sr700.go:104.2,104.18 1 0
github.com/zcstarr/roasted/sr700/sr700.go:107.92,120.16 3 0
github.com/zcstarr/roasted/sr700/sr700.go:120.16,122.3 1 0
github.com/zcstarr/roasted/sr700/sr700.go:124.2,125.16 2 0
github.com/zcstarr/roasted/sr700/sr700.go:125.16,127.3 1 0
github.com/zcstarr/roasted/sr700/sr700.go:129.2,129.62 1 0
github.com/zcstarr/roasted/sr700/sr700.go:129.62,131.3 1 0
github.com/zcstarr/roasted/sr700/sr700.go:133.2,133.29 1 0
github.com/zcstarr/roasted/sr700/sr700.go:136.80,149.16 3 0
github.com/zcstarr/roasted/sr700/sr700.go:149.16,151.3 1 0
github.com/zcstarr/roasted/sr700/sr700.go:153.2,154.16 2 0
github.com/zcstarr/roasted/sr700/sr700.go:154.16,156.3 1 0
github.com/zcstarr/roasted/sr700/sr700.go:158.2,158.42 1 0
github.com/zcstarr/roasted/sr700/sr700.go:158.42,160.3 1 0
github.com/zcstarr/roasted/sr700/sr700.go:162.2,162.29 1 0
github.com/zcstarr/roasted/sr700/sr700.go:165.47,176.16 2 0
github.com/zcstarr/roasted/sr700/sr700.go:176.16,178.3 1 0
github.com/zcstarr/roasted/sr700/sr700.go:180.2,181.16 2 0
github.com/zcstarr/roasted/sr700/sr700.go:181.16,183.3 1 0
github.com/zcstarr/roasted/sr700/sr700.go:185.2,185.29 1 0
github.com/zcstarr/roasted/sr700/types.go:9.29,11.2 1 0
github.com/zcstarr/roasted/sr700/types.go:21.38,23.2 1 2
github.com/zcstarr/roasted/sr700/types.go:25.57,27.2 1 2
github.com/zcstarr/roasted/sr700/types.go:33.35,35.2 1 2
github.com/zcstarr/roasted/sr700/types.go:80.31,82.8 2 0
github.com/zcstarr/roasted/sr700/types.go:82.8,84.3 1 0
github.com/zcstarr/roasted/sr700/types.go:85.2,85.18 1 0
github.com/zcstarr/roasted/tools/schemagen/main.go:33.13,38.40 4 0
github.com/zcstarr/roasted/tools/schemagen/main.go:38.40,40.3 1 0
github.com/zcstarr/roasted/tools/schemagen/main.go:43.39,44.51 1 0
github.com/zcstarr/roasted/tools/schemagen/main.go:44.51,46.3 1 0
github.com/zcstarr/roasted/tools/schemagen/main.go:48.2,49.56 2 0
github.com/zcstarr/roasted/tools/schemagen/main.go:49.56,51.3 1 0
github.com/zcstarr/roasted/tools/schemagen/main.go:53.2,58.28 2 0
github.com/zcstarr/roasted/tools/schemagen/main.go:58.28,64.51 5 0
github.com/zcstarr/roasted/tools/schemagen/main.go:64.51,66.4 1 0
github.com/zcstarr/roasted/tools/schemagen/main.go:67.3,67.31 1 0
github.com/zcstarr/roasted/tools/schemagen/main.go:70.2,70.12 1 0
github.com/zcstarr/roasted/tools/schemagen/main.go:73.64,75.16 2 0
github.com/zcstarr/roasted/tools/schemagen/main.go:75.16,77.3 1 0
github.com/zcstarr/roasted/tools/schemagen/main.go:78.2,79.39 2 0
github.com/zcstarr/roasted/cmd/roasted/main.go:13.13,21.16 4 0
github.com/zcstarr/roasted/cmd/roasted/main.go:21.16,23.3 1 0
github.com/zcstarr/roasted/cmd/roasted/main.go:26.2,35.16 3 0
github.com/zcstarr/roasted/cmd/roasted/main.go:35.16,37.3 1 0
github.com/zcstarr/roasted/cmd/roasted/main.go:38.2,38.15 1 0
github.com/zcstarr/roasted/cmd/roasted/main.go:38.15,38.35 1 0
github.com/zcstarr/roasted/cmd/roasted/main.go:40.2,44.16 4 0
github.com/zcstarr/roasted/cmd/roasted/main.go:44.16,46.3 1 0
github.com/zcstarr/roasted/cmd/roasted/main.go:48.2,50.36 2 0
github.com/zcstarr/roasted/cmd/roasted/main.go:50.36,57.28 3 0
github.com/zcstarr/roasted/cmd/roasted/main.go:57.28,58.20 1 0
github.com/zcstarr/roasted/cmd/roasted/main.go:58.20,60.5 1 0
github.com/zcstarr/roasted/cmd/roasted/main.go:60.10,62.5 1 0
github.com/zcstarr/roasted/cmd/roasted/main.go:64.4,64.18 1 0
github.com/zcstarr/roasted/cmd/roasted/main.go:64.18,66.5 1 0
github.com/zcstarr/roasted/cmd/roasted/main.go:66.10,67.43 1 0
github.com/zcstarr/roasted/cmd/roasted/main.go:67.43,69.6 1 0
github.com/zcstarr/roasted/cmd/roasted/main.go:70.5,70.57 1 0
github.com/zcstarr/roasted/cmd/roasted/main.go:73.4,75.43 2 0
github.com/zcstarr/roasted/cmd/roasted/main.go:79.2,80.16 2 0
github.com/zcstarr/roasted/cmd/roasted/main.go:80.16,82.3 1 0
github.com/zcstarr/roasted/cmd/roasted/main.go:85.24,86.11 1 0
github.com/zcstarr/roasted/cmd/roasted/main.go:86.11,88.3 1 0
github.com/zcstarr/roasted/cmd/roasted/main.go:89.2,89.10 1 0
github.com/zcstarr/roasted/pkg/recipe.go:84.59,86.16 2 0
github.com/zcstarr/roasted/pkg/recipe.go:86.16,88.3 1 0
github.com/zcstarr/roasted/pkg/recipe.go:89.2,89.15 1 0
github.com/zcstarr/roasted/pkg/recipe.go:89.15,89.32 1 0
github.com/zcstarr/roasted/pkg/recipe.go:91.2,93.21 3 0
